<?xml version="1.0" encoding="UTF-8" ?>
<testsuite failures="0" time="8.248" errors="0" skipped="0" tests="2" name="com.travelport.restneohack.neo4j.accountView.OrderRepositoryIntegrationTest">
  <properties>
[...]
</properties>
  <testcase time="7.649" classname="com.travelport.restneohack.neo4j.accountView.OrderRepositoryIntegrationTest" name="createOrder"/>
  <testcase time="0.599" classname="com.travelport.restneohack.neo4j.accountView.OrderRepositoryIntegrationTest" name="readOrder"/>
</testsuite>